# JRE version: Java(TM) SE Runtime Environment (8.0_45-b14) (build 1.8.0_45-b14)
# Java VM: Java HotSpot(TM) 64-Bit Server VM (25.45-b02 mixed mode bsd-amd64 compressed oops)
Heap:
 PSYoungGen      total 24576K, used 505K [0x0000000795580000, 0x000000079fa80000, 0x00000007c0000000)
  eden space 24064K, 2% used [0x0000000795580000,0x00000007955fe618,0x0000000796d00000)
  from space 512K, 0% used [0x000000079fa00000,0x000000079fa00000,0x000000079fa80000)
  to   space 2048K, 0% used [0x000000079f680000,0x000000079f680000,0x000000079f880000)
 ParOldGen       total 53248K, used 18991K [0x0000000740000000, 0x0000000743400000, 0x0000000795580000)
  object space 53248K, 35% used [0x0000000740000000,0x000000074128be20,0x0000000743400000)
 Metaspace       used 20618K, capacity 20962K, committed 21504K, reserved 1069056K
  class space    used 2326K, capacity 2430K, committed 2560K, reserved 1048576K
GC Heap History (10 events):
Event: 596.667 GC heap before
{Heap before GC invocations=409 (full 0):
 PSYoungGen      total 24576K, used 24468K [0x0000000795580000, 0x000000079fb80000, 0x00000007c0000000)
  eden space 24064K, 99% used [0x0000000795580000,0x0000000796cfc900,0x0000000796d00000)
  from space 512K, 81% used [0x000000079fb00000,0x000000079fb688f0,0x000000079fb80000)
  to   space 1024K, 0% used [0x000000079f980000,0x000000079f980000,0x000000079fa80000)
 ParOldGen       total 87552K, used 41058K [0x0000000740000000, 0x0000000745580000, 0x0000000795580000)
  object space 87552K, 46% used [0x0000000740000000,0x0000000742818ac0,0x0000000745580000)
 Metaspace       used 20182K, capacity 20538K, committed 20864K, reserved 1067008K
  class space    used 2306K, capacity 2426K, committed 2432K, reserved 1048576K
Event: 596.668 GC heap after
Heap after GC invocations=409 (full 0):
 PSYoungGen      total 25088K, used 540K [0x0000000795580000, 0x000000079fb80000, 0x00000007c0000000)
  eden space 24064K, 0% used [0x0000000795580000,0x0000000795580000,0x0000000796d00000)
  from space 1024K, 52% used [0x000000079f980000,0x000000079fa07098,0x000000079fa80000)
  to   space 1024K, 0% used [0x000000079fa80000,0x000000079fa80000,0x000000079fb80000)
 ParOldGen       total 87552K, used 41190K [0x0000000740000000, 0x0000000745580000, 0x0000000795580000)
  object space 87552K, 47% used [0x0000000740000000,0x0000000742839a88,0x0000000745580000)
 Metaspace       used 20182K, capacity 20538K, committed 20864K, reserved 1067008K
  class space    used 2306K, capacity 2426K, committed 2432K, reserved 1048576K
}
Event: 597.403 GC heap before
{Heap before GC invocations=410 (full 0):
 PSYoungGen      total 25088K, used 24604K [0x0000000795580000, 0x000000079fb80000, 0x00000007c0000000)
  eden space 24064K, 100% used [0x0000000795580000,0x0000000796d00000,0x0000000796d00000)
  from space 1024K, 52% used [0x000000079f980000,0x000000079fa07098,0x000000079fa80000)
  to   space 1024K, 0% used [0x000000079fa80000,0x000000079fa80000,0x000000079fb80000)
 ParOldGen       total 87552K, used 41190K [0x0000000740000000, 0x0000000745580000, 0x0000000795580000)
  object space 87552K, 47% used [0x0000000740000000,0x0000000742839a88,0x0000000745580000)
 Metaspace       used 20477K, capacity 20736K, committed 20864K, reserved 1067008K
  class space    used 2337K, capacity 2427K, committed 2432K, reserved 1048576K
Event: 597.404 GC heap after
Heap after GC invocations=410 (full 0):
 PSYoungGen      total 24576K, used 479K [0x0000000795580000, 0x000000079fb00000, 0x00000007c0000000)
  eden space 24064K, 0% used [0x0000000795580000,0x0000000795580000,0x0000000796d00000)
  from space 512K, 93% used [0x000000079fa80000,0x000000079faf7fa0,0x000000079fb00000)
  to   space 1024K, 0% used [0x000000079f900000,0x000000079f900000,0x000000079fa00000)
 ParOldGen       total 87552K, used 41310K [0x0000000740000000, 0x0000000745580000, 0x0000000795580000)
  object space 87552K, 47% used [0x0000000740000000,0x0000000742857908,0x0000000745580000)
 Metaspace       used 20477K, capacity 20736K, committed 20864K, reserved 1067008K
  class space    used 2337K, capacity 2427K, committed 2432K, reserved 1048576K
}
Event: 3475.402 GC heap before
{Heap before GC invocations=411 (full 0):
 PSYoungGen      total 24576K, used 24543K [0x0000000795580000, 0x000000079fb00000, 0x00000007c0000000)
  eden space 24064K, 100% used [0x0000000795580000,0x0000000796d00000,0x0000000796d00000)
  from space 512K, 93% used [0x000000079fa80000,0x000000079faf7fa0,0x000000079fb00000)
  to   space 1024K, 0% used [0x000000079f900000,0x000000079f900000,0x000000079fa00000)
 ParOldGen       total 87552K, used 41310K [0x0000000740000000, 0x0000000745580000, 0x0000000795580000)
  object space 87552K, 47% used [0x0000000740000000,0x0000000742857908,0x0000000745580000)
 Metaspace       used 20662K, capacity 21036K, committed 21248K, reserved 1069056K
  class space    used 2342K, capacity 2459K, committed 2560K, reserved 1048576K
Event: 3475.414 GC heap after
Heap after GC invocations=411 (full 0):
 PSYoungGen      total 25088K, used 1022K [0x0000000795580000, 0x000000079fb00000, 0x00000007c0000000)
  eden space 24064K, 0% used [0x0000000795580000,0x0000000795580000,0x0000000796d00000)
  from space 1024K, 99% used [0x000000079f900000,0x000000079f9ffbb0,0x000000079fa00000)
  to   space 1024K, 0% used [0x000000079fa00000,0x000000079fa00000,0x000000079fb00000)
 ParOldGen       total 87552K, used 44058K [0x0000000740000000, 0x0000000745580000, 0x0000000795580000)
  object space 87552K, 50% used [0x0000000740000000,0x0000000742b06bf8,0x0000000745580000)
 Metaspace       used 20662K, capacity 21036K, committed 21248K, reserved 1069056K
  class space    used 2342K, capacity 2459K, committed 2560K, reserved 1048576K
}
Event: 3475.730 GC heap before
{Heap before GC invocations=412 (full 0):
 PSYoungGen      total 25088K, used 1943K [0x0000000795580000, 0x000000079fb00000, 0x00000007c0000000)
  eden space 24064K, 3% used [0x0000000795580000,0x0000000795666218,0x0000000796d00000)
  from space 1024K, 99% used [0x000000079f900000,0x000000079f9ffbb0,0x000000079fa00000)
  to   space 1024K, 0% used [0x000000079fa00000,0x000000079fa00000,0x000000079fb00000)
 ParOldGen       total 87552K, used 44058K [0x0000000740000000, 0x0000000745580000, 0x0000000795580000)
  object space 87552K, 50% used [0x0000000740000000,0x0000000742b06bf8,0x0000000745580000)
 Metaspace       used 20704K, capacity 21036K, committed 21248K, reserved 1069056K
  class space    used 2342K, capacity 2459K, committed 2560K, reserved 1048576K
Event: 3475.732 GC heap after
Heap after GC invocations=412 (full 0):
 PSYoungGen      total 24576K, used 96K [0x0000000795580000, 0x000000079fa80000, 0x00000007c0000000)
  eden space 24064K, 0% used [0x0000000795580000,0x0000000795580000,0x0000000796d00000)
  from space 512K, 18% used [0x000000079fa00000,0x000000079fa18000,0x000000079fa80000)
  to   space 2048K, 0% used [0x000000079f680000,0x000000079f680000,0x000000079f880000)
 ParOldGen       total 87552K, used 45544K [0x0000000740000000, 0x0000000745580000, 0x0000000795580000)
  object space 87552K, 52% used [0x0000000740000000,0x0000000742c7a1d8,0x0000000745580000)
 Metaspace       used 20704K, capacity 21036K, committed 21248K, reserved 1069056K
  class space    used 2342K, capacity 2459K, committed 2560K, reserved 1048576K
}
Event: 3475.732 GC heap before
{Heap before GC invocations=413 (full 1):
 PSYoungGen      total 24576K, used 96K [0x0000000795580000, 0x000000079fa80000, 0x00000007c0000000)
  eden space 24064K, 0% used [0x0000000795580000,0x0000000795580000,0x0000000796d00000)
  from space 512K, 18% used [0x000000079fa00000,0x000000079fa18000,0x000000079fa80000)
  to   space 2048K, 0% used [0x000000079f680000,0x000000079f680000,0x000000079f880000)
 ParOldGen       total 87552K, used 45544K [0x0000000740000000, 0x0000000745580000, 0x0000000795580000)
  object space 87552K, 52% used [0x0000000740000000,0x0000000742c7a1d8,0x0000000745580000)
 Metaspace       used 20704K, capacity 21036K, committed 21248K, reserved 1069056K
  class space    used 2342K, capacity 2459K, committed 2560K, reserved 1048576K
Event: 3475.864 GC heap after
Heap after GC invocations=413 (full 1):
 PSYoungGen      total 24576K, used 0K [0x0000000795580000, 0x000000079fa80000, 0x00000007c0000000)
  eden space 24064K, 0% used [0x0000000795580000,0x0000000795580000,0x0000000796d00000)
  from space 512K, 0% used [0x000000079fa00000,0x000000079fa00000,0x000000079fa80000)
  to   space 2048K, 0% used [0x000000079f680000,0x000000079f680000,0x000000079f880000)
 ParOldGen       total 53248K, used 18991K [0x0000000740000000, 0x0000000743400000, 0x0000000795580000)
  object space 53248K, 35% used [0x0000000740000000,0x000000074128be20,0x0000000743400000)
 Metaspace       used 20616K, capacity 20898K, committed 21248K, reserved 1069056K
  class space    used 2326K, capacity 2430K, committed 2560K, reserved 1048576K
}

